<?xml version="1.0" encoding="UTF-8"?>
<testng-results ignored="0" total="4" passed="4" failed="0" skipped="0">
  <reporter-output>
  </reporter-output>
  <suite started-at="2021-06-17T11:21:43 PDT" name="Default suite" finished-at="2021-06-17T11:22:00 PDT" duration-ms="17255">
    <groups>
    </groups>
    <test started-at="2021-06-17T11:21:43 PDT" name="Default test" finished-at="2021-06-17T11:22:00 PDT" duration-ms="17255">
      <class name="excelTest.ProjectExcellll">
        <test-method is-config="true" signature="start()[pri:0, instance:excelTest.ProjectExcellll@1ba9117e]" started-at="2021-06-17T11:21:43 PDT" name="start" finished-at="2021-06-17T11:21:45 PDT" duration-ms="2248" status="PASS">
          <reporter-output>
          </reporter-output>
        </test-method> <!-- start -->
        <test-method signature="logInCorrect(java.lang.String,java.lang.String)[pri:0, instance:excelTest.ProjectExcellll@1ba9117e]" started-at="2021-06-17T11:21:45 PDT" name="logInCorrect" data-provider="log" finished-at="2021-06-17T11:21:54 PDT" duration-ms="9213" status="PASS">
          <params>
            <param index="0">
              <value>
                <![CDATA[mohamed]]>
              </value>
            </param>
            <param index="1">
              <value>
                <![CDATA[zamil123]]>
              </value>
            </param>
          </params>
          <reporter-output>
          </reporter-output>
        </test-method> <!-- logInCorrect -->
        <test-method signature="logInCorrect(java.lang.String,java.lang.String)[pri:0, instance:excelTest.ProjectExcellll@1ba9117e]" started-at="2021-06-17T11:21:54 PDT" name="logInCorrect" data-provider="log" finished-at="2021-06-17T11:21:56 PDT" duration-ms="1693" status="PASS">
          <params>
            <param index="0">
              <value>
                <![CDATA[zamil]]>
              </value>
            </param>
            <param index="1">
              <value>
                <![CDATA[123zamil]]>
              </value>
            </param>
          </params>
          <reporter-output>
          </reporter-output>
        </test-method> <!-- logInCorrect -->
        <test-method signature="logInCorrect(java.lang.String,java.lang.String)[pri:0, instance:excelTest.ProjectExcellll@1ba9117e]" started-at="2021-06-17T11:21:56 PDT" name="logInCorrect" data-provider="log" finished-at="2021-06-17T11:21:58 PDT" duration-ms="1503" status="PASS">
          <params>
            <param index="0">
              <value>
                <![CDATA[abdullah]]>
              </value>
            </param>
            <param index="1">
              <value>
                <![CDATA[abdula12]]>
              </value>
            </param>
          </params>
          <reporter-output>
          </reporter-output>
        </test-method> <!-- logInCorrect -->
        <test-method signature="logInCorrect(java.lang.String,java.lang.String)[pri:0, instance:excelTest.ProjectExcellll@1ba9117e]" started-at="2021-06-17T11:21:58 PDT" name="logInCorrect" data-provider="log" finished-at="2021-06-17T11:21:59 PDT" duration-ms="1677" status="PASS">
          <params>
            <param index="0">
              <value>
                <![CDATA[khalith]]>
              </value>
            </param>
            <param index="1">
              <value>
                <![CDATA[khali124]]>
              </value>
            </param>
          </params>
          <reporter-output>
          </reporter-output>
        </test-method> <!-- logInCorrect -->
        <test-method is-config="true" signature="after()[pri:0, instance:excelTest.ProjectExcellll@1ba9117e]" started-at="2021-06-17T11:21:59 PDT" name="after" finished-at="2021-06-17T11:22:00 PDT" duration-ms="671" status="PASS">
          <reporter-output>
          </reporter-output>
        </test-method> <!-- after -->
      </class> <!-- excelTest.ProjectExcellll -->
    </test> <!-- Default test -->
  </suite> <!-- Default suite -->
</testng-results>
