<?xml version="1.0" encoding="UTF-8"?>
<!-- Generated by org.testng.reporters.JUnitXMLReporter -->
<testsuite ignored="0" hostname="DESKTOP-C00EN1E" failures="0" tests="4" name="testname" time="58.145" errors="0" timestamp="2021-06-17T05:44:42 PDT">
  <testcase classname="login.BothCorrect$CorrectUserName" name="logInCorrectName" time="27.463"/>
  <testcase classname="login.BothIncorrect$CorrectUserName" name="logInwithBothIncorrect" time="9.765"/>
  <testcase classname="login.CorrectPAssword$CorrectUserPassword" name="logInCorrectName" time="10.613"/>
  <testcase classname="login.CorrectUserName" name="logInCorrectName" time="10.225"/>
</testsuite> <!-- testname -->
