<?xml version="1.0" encoding="UTF-8"?>
<!-- Generated by org.testng.reporters.JUnitXMLReporter -->
<testsuite ignored="0" hostname="DESKTOP-C00EN1E" failures="0" tests="4" name="testpage" time="125.511" errors="0" timestamp="2021-06-17T09:30:03 PDT">
  <testcase classname="projectlogin.LoginProj" name="logInCorrectName" time="14.283"/>
  <testcase classname="projectlogin.LoginProj" name="logInCorrectName" time="32.35"/>
  <testcase classname="projectlogin.LoginProj" name="logInCorrectName" time="42.862"/>
  <testcase classname="projectlogin.LoginProj" name="logInCorrectName" time="35.93"/>
</testsuite> <!-- testpage -->
