<?xml version="1.0" encoding="UTF-8"?>
<!-- Generated by org.testng.reporters.JUnitXMLReporter -->
<testsuite ignored="0" hostname="DESKTOP-C00EN1E" failures="0" tests="4" name="Default test" time="17.255" errors="0" timestamp="2021-06-17T11:22:00 PDT">
  <testcase classname="excelTest.ProjectExcellll" name="logInCorrect" time="9.213"/>
  <testcase classname="excelTest.ProjectExcellll" name="logInCorrect" time="1.693"/>
  <testcase classname="excelTest.ProjectExcellll" name="logInCorrect" time="1.503"/>
  <testcase classname="excelTest.ProjectExcellll" name="logInCorrect" time="1.677"/>
</testsuite> <!-- Default test -->
